<?xml version="1.0" encoding="UTF-8"?>
<!-- Generated by org.testng.reporters.JUnitReportReporter -->
<testsuite skipped="0" hostname="CBT-MH-000" name="phpp.Validationlogin" tests="1" failures="0" timestamp="31 Oct 2019 07:47:03 GMT" time="3.406" errors="0">
  <testcase name="validatelogin" time="3.406" classname="phpp.Validationlogin"/>
</testsuite> <!-- phpp.Validationlogin -->
