<?xml version="1.0" encoding="UTF-8"?>
<!-- Generated by org.testng.reporters.JUnitReportReporter -->
<testsuite skipped="0" hostname="CBT-MH-000" name="phpp.ValidationMyprofile" tests="1" failures="0" timestamp="31 Oct 2019 04:29:06 GMT" time="12.904" errors="0">
  <testcase name="validatemyprofile" time="12.904" classname="phpp.ValidationMyprofile"/>
</testsuite> <!-- phpp.ValidationMyprofile -->
