<?xml version="1.0" encoding="UTF-8"?>
<!-- Generated by org.testng.reporters.JUnitReportReporter -->
<testsuite skipped="0" hostname="CBT-MH-000" name="phpp.ValidationHotel" tests="1" failures="0" timestamp="31 Oct 2019 07:39:47 GMT" time="32.852" errors="0">
  <testcase name="validatehotel" time="32.852" classname="phpp.ValidationHotel"/>
</testsuite> <!-- phpp.ValidationHotel -->
