<?xml version="1.0" encoding="UTF-8"?>
<!-- Generated by org.testng.reporters.JUnitReportReporter -->
<testsuite skipped="0" hostname="CBT-MH-000" name="phpp.ValidateSignUpPage" tests="1" failures="0" timestamp="31 Oct 2019 04:29:06 GMT" time="71.326" errors="0">
  <testcase name="validatesignup" time="71.326" classname="phpp.ValidateSignUpPage"/>
</testsuite> <!-- phpp.ValidateSignUpPage -->
