<?xml version="1.0" encoding="UTF-8"?>
<!-- Generated by org.testng.reporters.JUnitReportReporter -->
<testsuite skipped="0" hostname="CBT-MH-000" name="phpp.Tsignup" tests="2" failures="0" timestamp="29 Oct 2019 06:05:31 GMT" time="48.995" errors="0">
  <testcase name="signup" time="2.992" classname="phpp.Tsignup"/>
  <testcase name="Myaccount" time="46.003" classname="phpp.Tsignup"/>
</testsuite> <!-- phpp.Tsignup -->
